# JRE version: Java(TM) SE Runtime Environment (8.0_05-b13) (build 1.8.0_05-b13)
# Java VM: Java HotSpot(TM) 64-Bit Server VM (25.5-b02 mixed mode bsd-amd64 compressed oops)
Heap:
 PSYoungGen      total 80384K, used 70726K [0x000000076ab00000, 0x0000000770600000, 0x00000007c0000000)
  eden space 73728K, 95% used [0x000000076ab00000,0x000000076f011bf0,0x000000076f300000)
  from space 6656K, 0% used [0x000000076f300000,0x000000076f300000,0x000000076f980000)
  to   space 6656K, 0% used [0x000000076ff80000,0x000000076ff80000,0x0000000770600000)
 ParOldGen       total 12288K, used 8881K [0x00000006c0000000, 0x00000006c0c00000, 0x000000076ab00000)
  object space 12288K, 72% used [0x00000006c0000000,0x00000006c08ac590,0x00000006c0c00000)
 Metaspace       used 32697K, capacity 34827K, committed 35072K, reserved 1079296K
  class space    used 4154K, capacity 4497K, committed 4608K, reserved 1048576K
GC Heap History (10 events):
Event: 3.221 GC heap before
{Heap before GC invocations=24 (full 1):
 PSYoungGen      total 67584K, used 67558K [0x000000076ab00000, 0x000000076fd00000, 0x00000007c0000000)
  eden space 64000K, 100% used [0x000000076ab00000,0x000000076e980000,0x000000076e980000)
  from space 3584K, 99% used [0x000000076f980000,0x000000076fcf9bb8,0x000000076fd00000)
  to   space 4096K, 0% used [0x000000076f500000,0x000000076f500000,0x000000076f900000)
 ParOldGen       total 7680K, used 5628K [0x00000006c0000000, 0x00000006c0780000, 0x000000076ab00000)
  object space 7680K, 73% used [0x00000006c0000000,0x00000006c057f1d8,0x00000006c0780000)
 Metaspace       used 27763K, capacity 29365K, committed 29440K, reserved 1075200K
  class space    used 3498K, capacity 3781K, committed 3840K, reserved 1048576K
Event: 3.228 GC heap after
Heap after GC invocations=24 (full 1):
 PSYoungGen      total 78336K, used 4087K [0x000000076ab00000, 0x000000076ff80000, 0x00000007c0000000)
  eden space 74240K, 0% used [0x000000076ab00000,0x000000076ab00000,0x000000076f380000)
  from space 4096K, 99% used [0x000000076f500000,0x000000076f8fde48,0x000000076f900000)
  to   space 6144K, 0% used [0x000000076f980000,0x000000076f980000,0x000000076ff80000)
 ParOldGen       total 8704K, used 8510K [0x00000006c0000000, 0x00000006c0880000, 0x000000076ab00000)
  object space 8704K, 97% used [0x00000006c0000000,0x00000006c084fa98,0x00000006c0880000)
 Metaspace       used 27763K, capacity 29365K, committed 29440K, reserved 1075200K
  class space    used 3498K, capacity 3781K, committed 3840K, reserved 1048576K
}
Event: 3.228 GC heap before
{Heap before GC invocations=25 (full 2):
 PSYoungGen      total 78336K, used 4087K [0x000000076ab00000, 0x000000076ff80000, 0x00000007c0000000)
  eden space 74240K, 0% used [0x000000076ab00000,0x000000076ab00000,0x000000076f380000)
  from space 4096K, 99% used [0x000000076f500000,0x000000076f8fde48,0x000000076f900000)
  to   space 6144K, 0% used [0x000000076f980000,0x000000076f980000,0x000000076ff80000)
 ParOldGen       total 8704K, used 8510K [0x00000006c0000000, 0x00000006c0880000, 0x000000076ab00000)
  object space 8704K, 97% used [0x00000006c0000000,0x00000006c084fa98,0x00000006c0880000)
 Metaspace       used 27763K, capacity 29365K, committed 29440K, reserved 1075200K
  class space    used 3498K, capacity 3781K, committed 3840K, reserved 1048576K
Event: 3.313 GC heap after
Heap after GC invocations=25 (full 2):
 PSYoungGen      total 78336K, used 2846K [0x000000076ab00000, 0x000000076ff80000, 0x00000007c0000000)
  eden space 74240K, 0% used [0x000000076ab00000,0x000000076ab00000,0x000000076f380000)
  from space 4096K, 69% used [0x000000076f500000,0x000000076f7c7ae8,0x000000076f900000)
  to   space 6144K, 0% used [0x000000076f980000,0x000000076f980000,0x000000076ff80000)
 ParOldGen       total 12288K, used 8268K [0x00000006c0000000, 0x00000006c0c00000, 0x000000076ab00000)
  object space 12288K, 67% used [0x00000006c0000000,0x00000006c0813360,0x00000006c0c00000)
 Metaspace       used 27763K, capacity 29365K, committed 29440K, reserved 1075200K
  class space    used 3498K, capacity 3781K, committed 3840K, reserved 1048576K
}
Event: 61.494 GC heap before
{Heap before GC invocations=26 (full 2):
 PSYoungGen      total 78336K, used 77086K [0x000000076ab00000, 0x000000076ff80000, 0x00000007c0000000)
  eden space 74240K, 100% used [0x000000076ab00000,0x000000076f380000,0x000000076f380000)
  from space 4096K, 69% used [0x000000076f500000,0x000000076f7c7ae8,0x000000076f900000)
  to   space 6144K, 0% used [0x000000076f980000,0x000000076f980000,0x000000076ff80000)
 ParOldGen       total 12288K, used 8268K [0x00000006c0000000, 0x00000006c0c00000, 0x000000076ab00000)
  object space 12288K, 67% used [0x00000006c0000000,0x00000006c0813360,0x00000006c0c00000)
 Metaspace       used 32163K, capacity 34115K, committed 34432K, reserved 1079296K
  class space    used 4103K, capacity 4418K, committed 4480K, reserved 1048576K
Event: 61.501 GC heap after
Heap after GC invocations=26 (full 2):
 PSYoungGen      total 79872K, used 5046K [0x000000076ab00000, 0x0000000770600000, 0x00000007c0000000)
  eden space 73728K, 0% used [0x000000076ab00000,0x000000076ab00000,0x000000076f300000)
  from space 6144K, 82% used [0x000000076f980000,0x000000076fe6da38,0x000000076ff80000)
  to   space 6656K, 0% used [0x000000076f300000,0x000000076f300000,0x000000076f980000)
 ParOldGen       total 12288K, used 9892K [0x00000006c0000000, 0x00000006c0c00000, 0x000000076ab00000)
  object space 12288K, 80% used [0x00000006c0000000,0x00000006c09a93d0,0x00000006c0c00000)
 Metaspace       used 32163K, capacity 34115K, committed 34432K, reserved 1079296K
  class space    used 4103K, capacity 4418K, committed 4480K, reserved 1048576K
}
Event: 313.595 GC heap before
{Heap before GC invocations=27 (full 2):
 PSYoungGen      total 79872K, used 37930K [0x000000076ab00000, 0x0000000770600000, 0x00000007c0000000)
  eden space 73728K, 44% used [0x000000076ab00000,0x000000076cb1d008,0x000000076f300000)
  from space 6144K, 82% used [0x000000076f980000,0x000000076fe6da38,0x000000076ff80000)
  to   space 6656K, 0% used [0x000000076f300000,0x000000076f300000,0x000000076f980000)
 ParOldGen       total 12288K, used 9892K [0x00000006c0000000, 0x00000006c0c00000, 0x000000076ab00000)
  object space 12288K, 80% used [0x00000006c0000000,0x00000006c09a93d0,0x00000006c0c00000)
 Metaspace       used 32363K, capacity 34391K, committed 34432K, reserved 1079296K
  class space    used 4126K, capacity 4461K, committed 4480K, reserved 1048576K
Event: 313.598 GC heap after
Heap after GC invocations=27 (full 2):
 PSYoungGen      total 80384K, used 1536K [0x000000076ab00000, 0x0000000770600000, 0x00000007c0000000)
  eden space 73728K, 0% used [0x000000076ab00000,0x000000076ab00000,0x000000076f300000)
  from space 6656K, 23% used [0x000000076f300000,0x000000076f480000,0x000000076f980000)
  to   space 6656K, 0% used [0x000000076ff80000,0x000000076ff80000,0x0000000770600000)
 ParOldGen       total 12288K, used 9900K [0x00000006c0000000, 0x00000006c0c00000, 0x000000076ab00000)
  object space 12288K, 80% used [0x00000006c0000000,0x00000006c09ab3d0,0x00000006c0c00000)
 Metaspace       used 32363K, capacity 34391K, committed 34432K, reserved 1079296K
  class space    used 4126K, capacity 4461K, committed 4480K, reserved 1048576K
}
Event: 313.598 GC heap before
{Heap before GC invocations=28 (full 3):
 PSYoungGen      total 80384K, used 1536K [0x000000076ab00000, 0x0000000770600000, 0x00000007c0000000)
  eden space 73728K, 0% used [0x000000076ab00000,0x000000076ab00000,0x000000076f300000)
  from space 6656K, 23% used [0x000000076f300000,0x000000076f480000,0x000000076f980000)
  to   space 6656K, 0% used [0x000000076ff80000,0x000000076ff80000,0x0000000770600000)
 ParOldGen       total 12288K, used 9900K [0x00000006c0000000, 0x00000006c0c00000, 0x000000076ab00000)
  object space 12288K, 80% used [0x00000006c0000000,0x00000006c09ab3d0,0x00000006c0c00000)
 Metaspace       used 32363K, capacity 34391K, committed 34432K, reserved 1079296K
  class space    used 4126K, capacity 4461K, committed 4480K, reserved 1048576K
Event: 313.691 GC heap after
Heap after GC invocations=28 (full 3):
 PSYoungGen      total 80384K, used 0K [0x000000076ab00000, 0x0000000770600000, 0x00000007c0000000)
  eden space 73728K, 0% used [0x000000076ab00000,0x000000076ab00000,0x000000076f300000)
  from space 6656K, 0% used [0x000000076f300000,0x000000076f300000,0x000000076f980000)
  to   space 6656K, 0% used [0x000000076ff80000,0x000000076ff80000,0x0000000770600000)
 ParOldGen       total 12288K, used 8881K [0x00000006c0000000, 0x00000006c0c00000, 0x000000076ab00000)
  object space 12288K, 72% used [0x00000006c0000000,0x00000006c08ac590,0x00000006c0c00000)
 Metaspace       used 32363K, capacity 34391K, committed 34432K, reserved 1079296K
  class space    used 4126K, capacity 4461K, committed 4480K, reserved 1048576K
}

