# JRE version: Java(TM) SE Runtime Environment (8.0_05-b13) (build 1.8.0_05-b13)
# Java VM: Java HotSpot(TM) 64-Bit Server VM (25.5-b02 mixed mode bsd-amd64 compressed oops)
Heap:
 PSYoungGen      total 79360K, used 15665K [0x000000076ab00000, 0x0000000770500000, 0x00000007c0000000)
  eden space 73216K, 14% used [0x000000076ab00000,0x000000076b57ace8,0x000000076f280000)
  from space 6144K, 80% used [0x000000076f900000,0x000000076fdd1a28,0x000000076ff00000)
  to   space 6656K, 0% used [0x000000076f280000,0x000000076f280000,0x000000076f900000)
 ParOldGen       total 12800K, used 10451K [0x00000006c0000000, 0x00000006c0c80000, 0x000000076ab00000)
  object space 12800K, 81% used [0x00000006c0000000,0x00000006c0a34e38,0x00000006c0c80000)
 Metaspace       used 32008K, capacity 33958K, committed 34176K, reserved 1079296K
  class space    used 4086K, capacity 4424K, committed 4480K, reserved 1048576K
GC Heap History (10 events):
Event: 2.055 GC heap before
{Heap before GC invocations=22 (full 1):
 PSYoungGen      total 57856K, used 704K [0x000000076ab00000, 0x000000076fc80000, 0x00000007c0000000)
  eden space 54272K, 0% used [0x000000076ab00000,0x000000076ab00000,0x000000076e000000)
  from space 3584K, 19% used [0x000000076e000000,0x000000076e0b0000,0x000000076e380000)
  to   space 3584K, 0% used [0x000000076f900000,0x000000076f900000,0x000000076fc80000)
 ParOldGen       total 260608K, used 6505K [0x00000006c0000000, 0x00000006cfe80000, 0x000000076ab00000)
  object space 260608K, 2% used [0x00000006c0000000,0x00000006c065a7a0,0x00000006cfe80000)
 Metaspace       used 20592K, capacity 21278K, committed 21296K, reserved 1069056K
  class space    used 2537K, capacity 2685K, committed 2688K, reserved 1048576K
Event: 2.100 GC heap after
Heap after GC invocations=22 (full 1):
 PSYoungGen      total 57856K, used 0K [0x000000076ab00000, 0x000000076fc80000, 0x00000007c0000000)
  eden space 54272K, 0% used [0x000000076ab00000,0x000000076ab00000,0x000000076e000000)
  from space 3584K, 0% used [0x000000076e000000,0x000000076e000000,0x000000076e380000)
  to   space 3584K, 0% used [0x000000076f900000,0x000000076f900000,0x000000076fc80000)
 ParOldGen       total 7168K, used 5143K [0x00000006c0000000, 0x00000006c0700000, 0x000000076ab00000)
  object space 7168K, 71% used [0x00000006c0000000,0x00000006c0505d60,0x00000006c0700000)
 Metaspace       used 20591K, capacity 21272K, committed 21296K, reserved 1069056K
  class space    used 2537K, capacity 2684K, committed 2688K, reserved 1048576K
}
Event: 2.557 GC heap before
{Heap before GC invocations=23 (full 1):
 PSYoungGen      total 57856K, used 54272K [0x000000076ab00000, 0x000000076fc80000, 0x00000007c0000000)
  eden space 54272K, 100% used [0x000000076ab00000,0x000000076e000000,0x000000076e000000)
  from space 3584K, 0% used [0x000000076e000000,0x000000076e000000,0x000000076e380000)
  to   space 3584K, 0% used [0x000000076f900000,0x000000076f900000,0x000000076fc80000)
 ParOldGen       total 7168K, used 5143K [0x00000006c0000000, 0x00000006c0700000, 0x000000076ab00000)
  object space 7168K, 71% used [0x00000006c0000000,0x00000006c0505d60,0x00000006c0700000)
 Metaspace       used 23685K, capacity 24648K, committed 24960K, reserved 1071104K
  class space    used 2947K, capacity 3116K, committed 3200K, reserved 1048576K
Event: 2.561 GC heap after
Heap after GC invocations=23 (full 1):
 PSYoungGen      total 67072K, used 3582K [0x000000076ab00000, 0x000000076fc80000, 0x00000007c0000000)
  eden space 63488K, 0% used [0x000000076ab00000,0x000000076ab00000,0x000000076e900000)
  from space 3584K, 99% used [0x000000076f900000,0x000000076fc7fbb8,0x000000076fc80000)
  to   space 4096K, 0% used [0x000000076f480000,0x000000076f480000,0x000000076f880000)
 ParOldGen       total 7168K, used 5486K [0x00000006c0000000, 0x00000006c0700000, 0x000000076ab00000)
  object space 7168K, 76% used [0x00000006c0000000,0x00000006c055b838,0x00000006c0700000)
 Metaspace       used 23685K, capacity 24648K, committed 24960K, reserved 1071104K
  class space    used 2947K, capacity 3116K, committed 3200K, reserved 1048576K
}
Event: 3.075 GC heap before
{Heap before GC invocations=24 (full 1):
 PSYoungGen      total 67072K, used 67070K [0x000000076ab00000, 0x000000076fc80000, 0x00000007c0000000)
  eden space 63488K, 100% used [0x000000076ab00000,0x000000076e900000,0x000000076e900000)
  from space 3584K, 99% used [0x000000076f900000,0x000000076fc7fbb8,0x000000076fc80000)
  to   space 4096K, 0% used [0x000000076f480000,0x000000076f480000,0x000000076f880000)
 ParOldGen       total 7168K, used 5486K [0x00000006c0000000, 0x00000006c0700000, 0x000000076ab00000)
  object space 7168K, 76% used [0x00000006c0000000,0x00000006c055b838,0x00000006c0700000)
 Metaspace       used 27626K, capacity 29200K, committed 29440K, reserved 1075200K
  class space    used 3495K, capacity 3748K, committed 3840K, reserved 1048576K
Event: 3.081 GC heap after
Heap after GC invocations=24 (full 1):
 PSYoungGen      total 77824K, used 4079K [0x000000076ab00000, 0x000000076ff00000, 0x00000007c0000000)
  eden space 73728K, 0% used [0x000000076ab00000,0x000000076ab00000,0x000000076f300000)
  from space 4096K, 99% used [0x000000076f480000,0x000000076f87bfd0,0x000000076f880000)
  to   space 6144K, 0% used [0x000000076f900000,0x000000076f900000,0x000000076ff00000)
 ParOldGen       total 8704K, used 8583K [0x00000006c0000000, 0x00000006c0880000, 0x000000076ab00000)
  object space 8704K, 98% used [0x00000006c0000000,0x00000006c0861f90,0x00000006c0880000)
 Metaspace       used 27626K, capacity 29200K, committed 29440K, reserved 1075200K
  class space    used 3495K, capacity 3748K, committed 3840K, reserved 1048576K
}
Event: 3.081 GC heap before
{Heap before GC invocations=25 (full 2):
 PSYoungGen      total 77824K, used 4079K [0x000000076ab00000, 0x000000076ff00000, 0x00000007c0000000)
  eden space 73728K, 0% used [0x000000076ab00000,0x000000076ab00000,0x000000076f300000)
  from space 4096K, 99% used [0x000000076f480000,0x000000076f87bfd0,0x000000076f880000)
  to   space 6144K, 0% used [0x000000076f900000,0x000000076f900000,0x000000076ff00000)
 ParOldGen       total 8704K, used 8583K [0x00000006c0000000, 0x00000006c0880000, 0x000000076ab00000)
  object space 8704K, 98% used [0x00000006c0000000,0x00000006c0861f90,0x00000006c0880000)
 Metaspace       used 27626K, capacity 29200K, committed 29440K, reserved 1075200K
  class space    used 3495K, capacity 3748K, committed 3840K, reserved 1048576K
Event: 3.166 GC heap after
Heap after GC invocations=25 (full 2):
 PSYoungGen      total 77824K, used 2869K [0x000000076ab00000, 0x000000076ff00000, 0x00000007c0000000)
  eden space 73728K, 0% used [0x000000076ab00000,0x000000076ab00000,0x000000076f300000)
  from space 4096K, 70% used [0x000000076f480000,0x000000076f74d668,0x000000076f880000)
  to   space 6144K, 0% used [0x000000076f900000,0x000000076f900000,0x000000076ff00000)
 ParOldGen       total 12800K, used 8546K [0x00000006c0000000, 0x00000006c0c80000, 0x000000076ab00000)
  object space 12800K, 66% used [0x00000006c0000000,0x00000006c0858a68,0x00000006c0c80000)
 Metaspace       used 27626K, capacity 29200K, committed 29440K, reserved 1075200K
  class space    used 3495K, capacity 3748K, committed 3840K, reserved 1048576K
}
Event: 98.768 GC heap before
{Heap before GC invocations=26 (full 2):
 PSYoungGen      total 77824K, used 76597K [0x000000076ab00000, 0x000000076ff00000, 0x00000007c0000000)
  eden space 73728K, 100% used [0x000000076ab00000,0x000000076f300000,0x000000076f300000)
  from space 4096K, 70% used [0x000000076f480000,0x000000076f74d668,0x000000076f880000)
  to   space 6144K, 0% used [0x000000076f900000,0x000000076f900000,0x000000076ff00000)
 ParOldGen       total 12800K, used 8546K [0x00000006c0000000, 0x00000006c0c80000, 0x000000076ab00000)
  object space 12800K, 66% used [0x00000006c0000000,0x00000006c0858a68,0x00000006c0c80000)
 Metaspace       used 31863K, capacity 33784K, committed 34048K, reserved 1079296K
  class space    used 4065K, capacity 4352K, committed 4352K, reserved 1048576K
Event: 98.773 GC heap after
Heap after GC invocations=26 (full 2):
 PSYoungGen      total 79360K, used 4934K [0x000000076ab00000, 0x0000000770500000, 0x00000007c0000000)
  eden space 73216K, 0% used [0x000000076ab00000,0x000000076ab00000,0x000000076f280000)
  from space 6144K, 80% used [0x000000076f900000,0x000000076fdd1a28,0x000000076ff00000)
  to   space 6656K, 0% used [0x000000076f280000,0x000000076f280000,0x000000076f900000)
 ParOldGen       total 12800K, used 10451K [0x00000006c0000000, 0x00000006c0c80000, 0x000000076ab00000)
  object space 12800K, 81% used [0x00000006c0000000,0x00000006c0a34e38,0x00000006c0c80000)
 Metaspace       used 31863K, capacity 33784K, committed 34048K, reserved 1079296K
  class space    used 4065K, capacity 4352K, committed 4352K, reserved 1048576K
}

